<?xml version="1.0" encoding="UTF-8"?>
<!-- Generated by org.testng.reporters.JUnitReportReporter -->
<testsuite skipped="0" hostname="AILLURGVYP882" name="simpleGet" tests="1" failures="0" timestamp="15 May 2018 11:47:48 GMT" time="6.000" errors="0">
  <testcase name="simplegetendpoint" time="6.000" classname="simpleGet"/>
</testsuite> <!-- simpleGet -->
